Using pre-set license
Built from '2020.3/staging' branch; Version is '2020.3.19f1 (68f137dc9bbe) revision 6877495'; Using compiler version '192528614'; Build Type 'Release'
OS: 'Windows 10 Pro; OS build 19044.1415; Version 2009; 64bit' Language: 'tr' Physical Memory: 16241 MB
BatchMode: 1, IsHumanControllingUs: 0, StartBugReporterOnCrash: 0, Is64bit: 1, IsPro: 0

COMMAND LINE ARGUMENTS:
C:\Program Files\Unity\Hub\Editor\2020.3.19f1\Editor\Unity.exe
-adb2
-batchMode
-noUpm
-name
AssetImportWorker0
-projectPath
C:/Users/kudus/Desktop/CursedHand
-logFile
Logs/AssetImportWorker0.log
-srvPort
59109
Successfully changed project path to: C:/Users/kudus/Desktop/CursedHand
C:/Users/kudus/Desktop/CursedHand
Using Asset Import Pipeline V2.
Refreshing native plugins compatible for Editor in 41.58 ms, found 2 plugins.
Preloading 0 native plugins for Editor in 0.00 ms.
Initialize engine version: 2020.3.19f1 (68f137dc9bbe)
[Subsystems] Discovering subsystems at path C:/Program Files/Unity/Hub/Editor/2020.3.19f1/Editor/Data/Resources/UnitySubsystems
[Subsystems] Discovering subsystems at path C:/Users/kudus/Desktop/CursedHand/Assets
GfxDevice: creating device client; threaded=0
Direct3D:
    Version:  Direct3D 11.0 [level 11.1]
    Renderer: NVIDIA GeForce GTX 1650 (ID=0x1f91)
    Vendor:   
    VRAM:     3962 MB
    Driver:   30.0.14.9729
Initialize mono
Mono path[0] = 'C:/Program Files/Unity/Hub/Editor/2020.3.19f1/Editor/Data/Managed'
Mono path[1] = 'C:/Program Files/Unity/Hub/Editor/2020.3.19f1/Editor/Data/MonoBleedingEdge/lib/mono/unityjit'
Mono config path = 'C:/Program Files/Unity/Hub/Editor/2020.3.19f1/Editor/Data/MonoBleedingEdge/etc'
Using monoOptions --debugger-agent=transport=dt_socket,embedding=1,server=y,suspend=n,address=127.0.0.1:56732
Begin MonoManager ReloadAssembly
Registering precompiled unity dll's ...
Register platform support module: C:/Program Files/Unity/Hub/Editor/2020.3.19f1/Editor/Data/PlaybackEngines/WebGLSupport/UnityEditor.WebGL.Extensions.dll
Register platform support module: C:/Program Files/Unity/Hub/Editor/2020.3.19f1/Editor/Data/PlaybackEngines/WindowsStandaloneSupport/UnityEditor.WindowsStandalone.Extensions.dll
Registered in 0.003480 seconds.
Native extension for WindowsStandalone target not found
Native extension for WebGL target not found
Refreshing native plugins compatible for Editor in 35.89 ms, found 2 plugins.
Preloading 0 native plugins for Editor in 0.00 ms.
Mono: successfully reloaded assembly
- Completed reload, in  1.599 seconds
Domain Reload Profiling:
	ReloadAssembly (1599ms)
		BeginReloadAssembly (51ms)
			ExecutionOrderSort (0ms)
			DisableScriptedObjects (0ms)
			BackupInstance (0ms)
			ReleaseScriptingObjects (0ms)
			CreateAndSetChildDomain (1ms)
		EndReloadAssembly (484ms)
			LoadAssemblies (50ms)
			RebuildTransferFunctionScriptingTraits (0ms)
			SetupTypeCache (208ms)
			ReleaseScriptCaches (0ms)
			RebuildScriptCaches (31ms)
			SetupLoadedEditorAssemblies (162ms)
				LogAssemblyErrors (0ms)
				InitializePlatformSupportModulesInManaged (5ms)
				SetLoadedEditorAssemblies (0ms)
				RefreshPlugins (36ms)
				BeforeProcessingInitializeOnLoad (18ms)
				ProcessInitializeOnLoadAttributes (75ms)
				ProcessInitializeOnLoadMethodAttributes (28ms)
				AfterProcessingInitializeOnLoad (0ms)
				EditorAssembliesLoaded (0ms)
			ExecutionOrderSort2 (0ms)
			AwakeInstancesAfterBackupRestoration (0ms)
Platform modules already initialized, skipping
Registering precompiled user dll's ...
Registered in 0.004732 seconds.
Begin MonoManager ReloadAssembly
Native extension for WindowsStandalone target not found
Native extension for WebGL target not found
Refreshing native plugins compatible for Editor in 0.36 ms, found 2 plugins.
Preloading 0 native plugins for Editor in 0.00 ms.
Find all reader and writers took 58 milliseconds
Script Module: UnityEngine.UI.dll
Weave sync objects took 8 milliseconds
Weave behaviours and messages took19 milliseconds
Find all reader and writers took 52 milliseconds
Script Module: UnityEngine.TestRunner.dll
Weave sync objects took 8 milliseconds
Weave behaviours and messages took9 milliseconds
Find all reader and writers took 78 milliseconds
Script Module: Unity.Timeline.dll
Weave sync objects took 9 milliseconds
Weave behaviours and messages took10 milliseconds
Find all reader and writers took 52 milliseconds
Script Module: Mirror.Components.dll
Weave sync objects took 7 milliseconds
[NetworkVisibility] Found NetworkBehaviour Mirror.NetworkVisibility
[NetworkVisibility] NetworkBehaviourProcessor
[NetworkVisibility] Process Start
[NetworkVisibility]   GenerateSerialization
[NetworkVisibility]   GenerateDeSerialization
[NetworkVisibility] Process Done
[ServerRequest] MessageClassProcessor Start
[ServerRequest]   GenerateSerialization
[ServerRequest]   GenerateDeserialization
[ServerRequest] MessageClassProcessor Done
[ServerResponse] MessageClassProcessor Start
[ServerResponse]   GenerateSerialization
[ServerResponse]   GenerateDeserialization
[ServerResponse] MessageClassProcessor Done
Weave behaviours and messages took26 milliseconds
  ProcessSitesModule Mirror.Components.dll elapsed time:00:00:00.0149604
Find all reader and writers took 53 milliseconds
Script Module: Unity.TextMeshPro.dll
Weave sync objects took 13 milliseconds
Weave behaviours and messages took18 milliseconds
Find all reader and writers took 47 milliseconds
Script Module: Assembly-CSharp.dll
[SyncListCard] SyncObjectProcessor Start item:CardInfo
[SyncListCard]   GenerateSerialization
[SyncListCard]   GenerateDeserialization
[SyncListCard] SyncObjectProcessor Done
[SyncListPlayerInfo] SyncObjectProcessor Start item:PlayerInfo
[SyncListPlayerInfo]   GenerateSerialization
[SyncListPlayerInfo]   GenerateDeserialization
[SyncListPlayerInfo] SyncObjectProcessor Done
Weave sync objects took 5 milliseconds
Weave behaviours and messages took8 milliseconds
  ProcessSitesModule Assembly-CSharp.dll elapsed time:00:00:00.0049586
Find all reader and writers took 48 milliseconds
Script Module: Ninja.WebSockets.dll
Weave sync objects took 0 milliseconds
Weave behaviours and messages took0 milliseconds
Find all reader and writers took 48 milliseconds
Script Module: Mirror.Authenticators.dll
Weave sync objects took 3 milliseconds
[AuthRequestMessage] MessageClassProcessor Start
[AuthRequestMessage]   GenerateSerialization
[AuthRequestMessage]   GenerateDeserialization
[AuthRequestMessage] MessageClassProcessor Done
[AuthResponseMessage] MessageClassProcessor Start
[AuthResponseMessage]   GenerateSerialization
[AuthResponseMessage]   GenerateDeserialization
[AuthResponseMessage] MessageClassProcessor Done
Weave behaviours and messages took4 milliseconds
  ProcessSitesModule Mirror.Authenticators.dll elapsed time:00:00:00
Find all reader and writers took 48 milliseconds
Script Module: UnityEditor.TestRunner.dll
Weave sync objects took 16 milliseconds
Weave behaviours and messages took17 milliseconds
Find all reader and writers took 52 milliseconds
Script Module: UnityEditor.UI.dll
Weave sync objects took 12 milliseconds
Weave behaviours and messages took13 milliseconds
Find all reader and writers took 52 milliseconds
Script Module: Mirror.CompilerSymbols.dll
Weave sync objects took 0 milliseconds
Weave behaviours and messages took0 milliseconds
Mono: successfully reloaded assembly
- Completed reload, in  2.879 seconds
Domain Reload Profiling:
	ReloadAssembly (2880ms)
		BeginReloadAssembly (131ms)
			ExecutionOrderSort (0ms)
			DisableScriptedObjects (4ms)
			BackupInstance (0ms)
			ReleaseScriptingObjects (0ms)
			CreateAndSetChildDomain (17ms)
		EndReloadAssembly (2690ms)
			LoadAssemblies (84ms)
			RebuildTransferFunctionScriptingTraits (0ms)
			SetupTypeCache (288ms)
			ReleaseScriptCaches (0ms)
			RebuildScriptCaches (39ms)
			SetupLoadedEditorAssemblies (2187ms)
				LogAssemblyErrors (0ms)
				InitializePlatformSupportModulesInManaged (5ms)
				SetLoadedEditorAssemblies (0ms)
				RefreshPlugins (0ms)
				BeforeProcessingInitializeOnLoad (73ms)
				ProcessInitializeOnLoadAttributes (190ms)
				ProcessInitializeOnLoadMethodAttributes (1911ms)
				AfterProcessingInitializeOnLoad (6ms)
				EditorAssembliesLoaded (0ms)
			ExecutionOrderSort2 (0ms)
			AwakeInstancesAfterBackupRestoration (7ms)
Platform modules already initialized, skipping
========================================================================
Worker process is ready to serve import requests
Launched and connected shader compiler UnityShaderCompiler.exe after 0.08 seconds
Refreshing native plugins compatible for Editor in 0.34 ms, found 2 plugins.
Preloading 0 native plugins for Editor in 0.00 ms.
Unloading 1616 Unused Serialized files (Serialized files now loaded: 0)
System memory in use before: 73.9 MB.
System memory in use after: 74.0 MB.

Unloading 21 unused Assets to reduce memory usage. Loaded Objects now: 2055.
Total: 5.566200 ms (FindLiveObjects: 0.137100 ms CreateObjectMapping: 0.043000 ms MarkObjects: 5.319900 ms  DeleteObjects: 0.065400 ms)

AssetImportParameters requested are different than current active one (requested -> active):
  custom:framework-win-MediaFoundation: 216162199b28c13a410421893ffa2e32 -> 
  custom:video-decoder-ogg-theora: a1e56fd34408186e4bbccfd4996cb3dc -> 
  custom:container-muxer-webm: aa71ff27fc2769a1b78a27578f13a17b -> 
  custom:container-demuxer-webm: 4f35f7cbe854078d1ac9338744f61a02 -> 
  custom:container-demuxer-ogg: 62fdf1f143b41e24485cea50d1cbac27 -> 
  custom:video-encoder-webm-vp8: eb34c28f22e8b96e1ab97ce403110664 -> 
  custom:video-decoder-webm-vp8: 9c59270c3fd7afecdb556c50c9e8de78 -> 
  custom:audio-decoder-ogg-vorbis: bf7c407c2cedff20999df2af8eb42d56 -> 
  custom:audio-encoder-webm-vorbis: bf7c407c2cedff20999df2af8eb42d56 -> 
========================================================================
Received Import Request.
  path: Assets/CCG/Prefabs/Cards/skullcard.png
  artifactKey: Guid(3a70c8bddb994d94faefc181c7fe4979) Importer(815301076,1909f56bfc062723c751e8b465ee728b)
Start importing Assets/CCG/Prefabs/Cards/skullcard.png using Guid(3a70c8bddb994d94faefc181c7fe4979) Importer(815301076,1909f56bfc062723c751e8b465ee728b)  -> (artifact id: '6d6b35e707731c38ccd090a9af74fb5c') in 0.099604 seconds 
  Import took 0.102283 seconds .

========================================================================
Received Import Request.
  Time since last request: 0.000676 seconds.
  path: Assets/CCG/Prefabs/Cards/tinycardfront.png
  artifactKey: Guid(bdcb5424424bb4c48b6d2ac64946d5d8) Importer(815301076,1909f56bfc062723c751e8b465ee728b)
Start importing Assets/CCG/Prefabs/Cards/tinycardfront.png using Guid(bdcb5424424bb4c48b6d2ac64946d5d8) Importer(815301076,1909f56bfc062723c751e8b465ee728b)  -> (artifact id: '313278cd091e93e4fa61fd84626954d8') in 0.025027 seconds 
  Import took 0.028937 seconds .

========================================================================
Received Import Request.
  Time since last request: 0.000356 seconds.
  path: Assets/CCG/Prefabs/Cards/cardfront.png
  artifactKey: Guid(d720a878867a6344c80e2fc29bddeae1) Importer(815301076,1909f56bfc062723c751e8b465ee728b)
Start importing Assets/CCG/Prefabs/Cards/cardfront.png using Guid(d720a878867a6344c80e2fc29bddeae1) Importer(815301076,1909f56bfc062723c751e8b465ee728b)  -> (artifact id: '61c3889087dc71c651e1a8d22fcad79d') in 0.031145 seconds 
  Import took 0.034340 seconds .

========================================================================
Received Prepare
Refreshing native plugins compatible for Editor in 3.93 ms, found 2 plugins.
Preloading 0 native plugins for Editor in 0.00 ms.
Unloading 15 Unused Serialized files (Serialized files now loaded: 0)
System memory in use before: 45.4 MB.
System memory in use after: 45.5 MB.

Unloading 14 unused Assets to reduce memory usage. Loaded Objects now: 2065.
Total: 5.455500 ms (FindLiveObjects: 0.172900 ms CreateObjectMapping: 0.047600 ms MarkObjects: 5.218900 ms  DeleteObjects: 0.014800 ms)

AssetImportParameters requested are different than current active one (requested -> active):
  custom:framework-win-MediaFoundation: 216162199b28c13a410421893ffa2e32 -> 
  custom:video-decoder-ogg-theora: a1e56fd34408186e4bbccfd4996cb3dc -> 
  custom:container-muxer-webm: aa71ff27fc2769a1b78a27578f13a17b -> 
  custom:container-demuxer-webm: 4f35f7cbe854078d1ac9338744f61a02 -> 
  custom:container-demuxer-ogg: 62fdf1f143b41e24485cea50d1cbac27 -> 
  custom:video-encoder-webm-vp8: eb34c28f22e8b96e1ab97ce403110664 -> 
  custom:video-decoder-webm-vp8: 9c59270c3fd7afecdb556c50c9e8de78 -> 
  custom:audio-decoder-ogg-vorbis: bf7c407c2cedff20999df2af8eb42d56 -> 
  custom:audio-encoder-webm-vorbis: bf7c407c2cedff20999df2af8eb42d56 -> 
AssetImportWorkerClient::OnTransportError - code=2 error=End of file
